
running 1 test
test tests::test_bi_kzg_e2e ... FAILED

failures:

---- tests::test_bi_kzg_e2e stdout ----
omega 0: 0x30644e72e131a029b85045b68181585d2833e84879b9709143e1f593f0000000
omega 1: 0x30644e72e131a029048b6e193fd841045cea24f6fd736bec231204708f703636
n: 2
m: 4
start to compute the scalars
lagrange_tau_0: [0x0000000000000000000000000000000000000000000000000000000000000003, 0x30644e72e131a029b85045b68181585d2833e84879b9709143e1f593efffffff]
lagrange_tau_1: [0x0000000000000000000000000000000000000000000000000000000000000064, 0x30644e72e1319feebbb9861cf605af3a73ffd18bb2bfea627fa6d5f840d1c959, 0x30644e72e131a029b85045b68181585d2833e84879b9709143e1f593efffffb6, 0x000000000000003afc96bf998b7ba922b43416bcc6f9862ec43b1f9baf2e3690]
lagrange scalars: [0x000000000000000000000000000000000000000000000000000000000000012c, 0x30644e72e131a029b85045b68181585d2833e84879b9709143e1f593efffff39, 0x30644e72e1319f78c28c06e9df0e5cf50b97a41224ccde04f73096c0e2755c09, 0x0000000000000075f92d7f3316f7524568682d798df30c5d88763f375e5c6d50, 0x30644e72e131a029b85045b68181585d2833e84879b9709143e1f593efffff20, 0x0000000000000000000000000000000000000000000000000000000000000096, 0x00000000000000b0f5c43ecca272fb681c9c443654ec928c4cb15ed30d8aa3b0, 0x30644e72e1319fb3bf22c6836a8a0617bfcbbaceebc66433bb6bb65c91a392e1] 
start to compute the affine bases
start to compute the lagrange bases
lagrange scalars: [0x000000000000000000000000000000000000000000000000000000000000012c, 0x30644e72e131a029b85045b68181585d2833e84879b9709143e1f593efffff39, 0x30644e72e1319f78c28c06e9df0e5cf50b97a41224ccde04f73096c0e2755c09, 0x0000000000000075f92d7f3316f7524568682d798df30c5d88763f375e5c6d50, 0x30644e72e131a029b85045b68181585d2833e84879b9709143e1f593efffff20, 0x0000000000000000000000000000000000000000000000000000000000000096, 0x00000000000000b0f5c43ecca272fb681c9c443654ec928c4cb15ed30d8aa3b0, 0x30644e72e1319fb3bf22c6836a8a0617bfcbbaceebc66433bb6bb65c91a392e1] 
thread 'tests::test_bi_kzg_e2e' panicked at bi-kzg/src/tests.rs:55:5:
assertion `left == right` failed
  left: 0x0000000000000000000000000000000000000000000000000000000000014d3d
 right: 0x0000000000000000000000000000000000000000000000000000000000002d29
note: run with `RUST_BACKTRACE=1` environment variable to display a backtrace


failures:
    tests::test_bi_kzg_e2e

test result: FAILED. 0 passed; 1 failed; 0 ignored; 0 measured; 3 filtered out; finished in 0.00s

